  1 : text=@float@, class=@Keyword@, type=@Float@, line=1, srcF=@""@, srcL=1
  2 : text=@x@, class=@Identifier@, type=@Identifier@, line=1, srcF=@""@, srcL=1
  3 : text=@=@, class=@Operator@, type=@Assign@, line=1, srcF=@""@, srcL=1
  4 : text=@.44@, class=@Constant@, type=@FloatConstant@, line=1, srcF=@""@, srcL=1
  5 : text=@;@, class=@Operator@, type=@SemiColon@, line=1, srcF=@""@, srcL=1
Read 5 lines from file 'test-data/ref/float-5.run.out'
  1 : text=@float@, class=@Keyword@, type=@TFloat@, line=1, srcF=@@, srcL=-1
  2 : text=@x@, class=@Identifier@, type=@TIdentifier@, line=1, srcF=@@, srcL=-1
  3 : text=@=@, class=@Operator@, type=@TEqual@, line=1, srcF=@@, srcL=-1
  4 : text=@.44@, class=@Constant@, type=@TFloatingConstant@, line=1, srcF=@@, srcL=-1
  5 : text=@;@, class=@Operator@, type=@TokenType@, line=1, srcF=@@, srcL=-1
Read 5 lines from file 'output/wjw13/float-5.run.out'
Reference: 5 lines, Got: 5 lines.
Token 1 : Expected sourceFile @""@@, got @@
Token 1 : Expected sourceLine 1, got -1
Token 2 : Expected sourceFile @""@@, got @@
Token 2 : Expected sourceLine 1, got -1
Token 3 : Expected sourceFile @""@@, got @@
Token 3 : Expected sourceLine 1, got -1
Token 4 : Expected sourceFile @""@@, got @@
Token 4 : Expected sourceLine 1, got -1
Token 5 : Expected sourceFile @""@@, got @@
Token 5 : Expected sourceLine 1, got -1
    User,             Test, Tokens,   Text,  Class,   Type, LineNo, SrcFil, SrcLin
   wjw13,          float-5,      5,  100.0,  100.0,  100.0,  100.0,    0.0,    0.0
