  1 : text=@struct@, class=@Keyword@, type=@Struct@, line=8, srcF=@"test-data/src/mini-stdio.h"@, srcL=1
  2 : text=@FILE@, class=@Identifier@, type=@Identifier@, line=8, srcF=@"test-data/src/mini-stdio.h"@, srcL=1
  3 : text=@;@, class=@Operator@, type=@SemiColon@, line=8, srcF=@"test-data/src/mini-stdio.h"@, srcL=1
  4 : text=@int@, class=@Keyword@, type=@Int@, line=10, srcF=@"test-data/src/mini-stdio.h"@, srcL=3
  5 : text=@getc@, class=@Identifier@, type=@Identifier@, line=10, srcF=@"test-data/src/mini-stdio.h"@, srcL=3
  6 : text=@(@, class=@Operator@, type=@ParenLeft@, line=10, srcF=@"test-data/src/mini-stdio.h"@, srcL=3
  7 : text=@)@, class=@Operator@, type=@ParenRight@, line=10, srcF=@"test-data/src/mini-stdio.h"@, srcL=3
  8 : text=@;@, class=@Operator@, type=@SemiColon@, line=10, srcF=@"test-data/src/mini-stdio.h"@, srcL=3
  9 : text=@struct@, class=@Keyword@, type=@Struct@, line=12, srcF=@"test-data/src/mini-stdio.h"@, srcL=5
  10 : text=@FILE@, class=@Identifier@, type=@Identifier@, line=12, srcF=@"test-data/src/mini-stdio.h"@, srcL=5
  11 : text=@*@, class=@Operator@, type=@Asterix@, line=12, srcF=@"test-data/src/mini-stdio.h"@, srcL=5
  12 : text=@fopen@, class=@Identifier@, type=@Identifier@, line=12, srcF=@"test-data/src/mini-stdio.h"@, srcL=5
  13 : text=@(@, class=@Operator@, type=@ParenLeft@, line=12, srcF=@"test-data/src/mini-stdio.h"@, srcL=5
  14 : text=@const@, class=@Keyword@, type=@Const@, line=12, srcF=@"test-data/src/mini-stdio.h"@, srcL=5
  15 : text=@char@, class=@Keyword@, type=@Char@, line=12, srcF=@"test-data/src/mini-stdio.h"@, srcL=5
  16 : text=@*@, class=@Operator@, type=@Asterix@, line=12, srcF=@"test-data/src/mini-stdio.h"@, srcL=5
  17 : text=@,@, class=@Operator@, type=@Comma@, line=12, srcF=@"test-data/src/mini-stdio.h"@, srcL=5
  18 : text=@const@, class=@Keyword@, type=@Const@, line=12, srcF=@"test-data/src/mini-stdio.h"@, srcL=5
  19 : text=@char@, class=@Keyword@, type=@Char@, line=12, srcF=@"test-data/src/mini-stdio.h"@, srcL=5
  20 : text=@*@, class=@Operator@, type=@Asterix@, line=12, srcF=@"test-data/src/mini-stdio.h"@, srcL=5
  21 : text=@)@, class=@Operator@, type=@ParenRight@, line=12, srcF=@"test-data/src/mini-stdio.h"@, srcL=5
  22 : text=@;@, class=@Operator@, type=@SemiColon@, line=12, srcF=@"test-data/src/mini-stdio.h"@, srcL=5
Read 22 lines from file 'test-data/ref/include-1.run.out'
  1 : text=@struct@, class=@Keyword@, type=@TStruct@, line=8, srcF=@"test-data/src/mini-stdio.h"@, srcL=1
  2 : text=@FILE@, class=@Identifier@, type=@TIdentifier@, line=8, srcF=@"test-data/src/mini-stdio.h"@, srcL=1
  3 : text=@;@, class=@Operator@, type=@TokenType@, line=8, srcF=@"test-data/src/mini-stdio.h"@, srcL=1
  4 : text=@int@, class=@Keyword@, type=@TInt@, line=10, srcF=@"test-data/src/mini-stdio.h"@, srcL=3
  5 : text=@getc@, class=@Identifier@, type=@TIdentifier@, line=10, srcF=@"test-data/src/mini-stdio.h"@, srcL=3
  6 : text=@(@, class=@Operator@, type=@TLeftRoundBracket@, line=10, srcF=@"test-data/src/mini-stdio.h"@, srcL=3
  7 : text=@)@, class=@Operator@, type=@TRightRoundBracket@, line=10, srcF=@"test-data/src/mini-stdio.h"@, srcL=3
  8 : text=@;@, class=@Operator@, type=@TokenType@, line=10, srcF=@"test-data/src/mini-stdio.h"@, srcL=3
  9 : text=@struct@, class=@Keyword@, type=@TStruct@, line=12, srcF=@"test-data/src/mini-stdio.h"@, srcL=5
  10 : text=@FILE@, class=@Identifier@, type=@TIdentifier@, line=12, srcF=@"test-data/src/mini-stdio.h"@, srcL=5
  11 : text=@*@, class=@Operator@, type=@TStar@, line=12, srcF=@"test-data/src/mini-stdio.h"@, srcL=5
  12 : text=@fopen@, class=@Identifier@, type=@TIdentifier@, line=12, srcF=@"test-data/src/mini-stdio.h"@, srcL=5
  13 : text=@(@, class=@Operator@, type=@TLeftRoundBracket@, line=12, srcF=@"test-data/src/mini-stdio.h"@, srcL=5
  14 : text=@const@, class=@Keyword@, type=@TConst@, line=12, srcF=@"test-data/src/mini-stdio.h"@, srcL=5
  15 : text=@char@, class=@Keyword@, type=@TChar@, line=12, srcF=@"test-data/src/mini-stdio.h"@, srcL=5
  16 : text=@*@, class=@Operator@, type=@TStar@, line=12, srcF=@"test-data/src/mini-stdio.h"@, srcL=5
  17 : text=@,@, class=@Operator@, type=@TComma@, line=12, srcF=@"test-data/src/mini-stdio.h"@, srcL=5
  18 : text=@const@, class=@Keyword@, type=@TConst@, line=12, srcF=@"test-data/src/mini-stdio.h"@, srcL=5
  19 : text=@char@, class=@Keyword@, type=@TChar@, line=12, srcF=@"test-data/src/mini-stdio.h"@, srcL=5
  20 : text=@*@, class=@Operator@, type=@TStar@, line=12, srcF=@"test-data/src/mini-stdio.h"@, srcL=5
  21 : text=@)@, class=@Operator@, type=@TRightRoundBracket@, line=12, srcF=@"test-data/src/mini-stdio.h"@, srcL=5
  22 : text=@;@, class=@Operator@, type=@TokenType@, line=12, srcF=@"test-data/src/mini-stdio.h"@, srcL=5
Read 22 lines from file 'output/wjw13/include-1.run.out'
Reference: 22 lines, Got: 22 lines.
    User,             Test, Tokens,   Text,  Class,   Type, LineNo, SrcFil, SrcLin
   wjw13,        include-1,     22,  100.0,  100.0,  100.0,  100.0,  100.0,  100.0
