int Keyword TInt 7 "test-data/src/include-2.ci" 1
x Identifier TIdentifier 7 "test-data/src/include-2.ci" 1
; Operator TokenType 7 "test-data/src/include-2.ci" 1
struct Keyword TStruct 10 "test-data/src/mini-stdio.h" 1
FILE Identifier TIdentifier 10 "test-data/src/mini-stdio.h" 1
; Operator TokenType 10 "test-data/src/mini-stdio.h" 1
int Keyword TInt 12 "test-data/src/mini-stdio.h" 3
getc Identifier TIdentifier 12 "test-data/src/mini-stdio.h" 3
( Operator TLeftRoundBracket 12 "test-data/src/mini-stdio.h" 3
) Operator TRightRoundBracket 12 "test-data/src/mini-stdio.h" 3
; Operator TokenType 12 "test-data/src/mini-stdio.h" 3
struct Keyword TStruct 14 "test-data/src/mini-stdio.h" 5
FILE Identifier TIdentifier 14 "test-data/src/mini-stdio.h" 5
* Operator TStar 14 "test-data/src/mini-stdio.h" 5
fopen Identifier TIdentifier 14 "test-data/src/mini-stdio.h" 5
( Operator TLeftRoundBracket 14 "test-data/src/mini-stdio.h" 5
const Keyword TConst 14 "test-data/src/mini-stdio.h" 5
char Keyword TChar 14 "test-data/src/mini-stdio.h" 5
* Operator TStar 14 "test-data/src/mini-stdio.h" 5
, Operator TComma 14 "test-data/src/mini-stdio.h" 5
const Keyword TConst 14 "test-data/src/mini-stdio.h" 5
char Keyword TChar 14 "test-data/src/mini-stdio.h" 5
* Operator TStar 14 "test-data/src/mini-stdio.h" 5
) Operator TRightRoundBracket 14 "test-data/src/mini-stdio.h" 5
; Operator TokenType 14 "test-data/src/mini-stdio.h" 5
