struct Keyword TStruct 8 "test-data/src/mini-stdio.h" 1
FILE Identifier TIdentifier 8 "test-data/src/mini-stdio.h" 1
; Operator TokenType 8 "test-data/src/mini-stdio.h" 1
int Keyword TInt 10 "test-data/src/mini-stdio.h" 3
getc Identifier TIdentifier 10 "test-data/src/mini-stdio.h" 3
( Operator TLeftRoundBracket 10 "test-data/src/mini-stdio.h" 3
) Operator TRightRoundBracket 10 "test-data/src/mini-stdio.h" 3
; Operator TokenType 10 "test-data/src/mini-stdio.h" 3
struct Keyword TStruct 12 "test-data/src/mini-stdio.h" 5
FILE Identifier TIdentifier 12 "test-data/src/mini-stdio.h" 5
* Operator TStar 12 "test-data/src/mini-stdio.h" 5
fopen Identifier TIdentifier 12 "test-data/src/mini-stdio.h" 5
( Operator TLeftRoundBracket 12 "test-data/src/mini-stdio.h" 5
const Keyword TConst 12 "test-data/src/mini-stdio.h" 5
char Keyword TChar 12 "test-data/src/mini-stdio.h" 5
* Operator TStar 12 "test-data/src/mini-stdio.h" 5
, Operator TComma 12 "test-data/src/mini-stdio.h" 5
const Keyword TConst 12 "test-data/src/mini-stdio.h" 5
char Keyword TChar 12 "test-data/src/mini-stdio.h" 5
* Operator TStar 12 "test-data/src/mini-stdio.h" 5
) Operator TRightRoundBracket 12 "test-data/src/mini-stdio.h" 5
; Operator TokenType 12 "test-data/src/mini-stdio.h" 5
