struct Keyword TStruct 2  
x Identifier TIdentifier 2  
{ Operator TokenType 2  
int Keyword TInt 3  
f Identifier TIdentifier 3  
; Operator TokenType 3  
} Operator TokenType 4  
; Operator TokenType 4  
int Keyword TInt 7  
main Identifier TIdentifier 7  
( Operator TLeftRoundBracket 7  
) Operator TRightRoundBracket 7  
{ Operator TokenType 8  
struct Keyword TStruct 10  
x Identifier TIdentifier 10  
tmp Identifier TIdentifier 10  
; Operator TokenType 10  
struct Keyword TStruct 11  
x Identifier TIdentifier 11  
* Operator TStar 11  
px Identifier TIdentifier 11  
= Operator TEqual 11  
& Operator TBitwiseAND 11  
tmp Identifier TIdentifier 11  
; Operator TokenType 11  
int Keyword TInt 13  
t Identifier TIdentifier 13  
= Operator TEqual 13  
px Identifier TIdentifier 13  
-> Operator TArrow 13  
f Identifier TIdentifier 13  
; Operator TokenType 13  
t Identifier TIdentifier 14  
= Operator TEqual 14  
tmp Identifier TIdentifier 14  
. Operator TDot 14  
f Identifier TIdentifier 14  
; Operator TokenType 14  
return Keyword TReturn 16  
t Identifier TIdentifier 16  
; Operator TokenType 16  
} Operator TokenType 17  
