  1 : text=@int@, class=@Keyword@, type=@Int@, line=1, srcF=@""@, srcL=1
  2 : text=@main@, class=@Identifier@, type=@Identifier@, line=1, srcF=@""@, srcL=1
  3 : text=@(@, class=@Operator@, type=@ParenLeft@, line=1, srcF=@""@, srcL=1
  4 : text=@)@, class=@Operator@, type=@ParenRight@, line=1, srcF=@""@, srcL=1
  5 : text=@{@, class=@Operator@, type=@CurlyLeft@, line=2, srcF=@""@, srcL=2
  6 : text=@switch@, class=@Keyword@, type=@Switch@, line=3, srcF=@""@, srcL=3
  7 : text=@(@, class=@Operator@, type=@ParenLeft@, line=3, srcF=@""@, srcL=3
  8 : text=@10@, class=@Constant@, type=@IntegerConstant@, line=3, srcF=@""@, srcL=3
  9 : text=@)@, class=@Operator@, type=@ParenRight@, line=3, srcF=@""@, srcL=3
  10 : text=@{@, class=@Operator@, type=@CurlyLeft@, line=3, srcF=@""@, srcL=3
  11 : text=@case@, class=@Keyword@, type=@Case@, line=4, srcF=@""@, srcL=4
  12 : text=@5@, class=@Constant@, type=@IntegerConstant@, line=4, srcF=@""@, srcL=4
  13 : text=@:@, class=@Operator@, type=@Colon@, line=4, srcF=@""@, srcL=4
  14 : text=@break@, class=@Keyword@, type=@Break@, line=5, srcF=@""@, srcL=5
  15 : text=@;@, class=@Operator@, type=@SemiColon@, line=5, srcF=@""@, srcL=5
  16 : text=@default@, class=@Keyword@, type=@Default@, line=6, srcF=@""@, srcL=6
  17 : text=@:@, class=@Operator@, type=@Colon@, line=6, srcF=@""@, srcL=6
  18 : text=@break@, class=@Keyword@, type=@Break@, line=7, srcF=@""@, srcL=7
  19 : text=@;@, class=@Operator@, type=@SemiColon@, line=7, srcF=@""@, srcL=7
  20 : text=@}@, class=@Operator@, type=@CurlyRight@, line=8, srcF=@""@, srcL=8
  21 : text=@}@, class=@Operator@, type=@CurlyRight@, line=9, srcF=@""@, srcL=9
Read 21 lines from file 'test-data/ref/stat-6.run.out'
  1 : text=@int@, class=@Keyword@, type=@TInt@, line=1, srcF=@@, srcL=-1
  2 : text=@main@, class=@Identifier@, type=@TIdentifier@, line=1, srcF=@@, srcL=-1
  3 : text=@(@, class=@Operator@, type=@TLeftRoundBracket@, line=1, srcF=@@, srcL=-1
  4 : text=@)@, class=@Operator@, type=@TRightRoundBracket@, line=1, srcF=@@, srcL=-1
  5 : text=@{@, class=@Operator@, type=@TokenType@, line=2, srcF=@@, srcL=-1
  6 : text=@switch@, class=@Keyword@, type=@TSwitch@, line=3, srcF=@@, srcL=-1
  7 : text=@(@, class=@Operator@, type=@TLeftRoundBracket@, line=3, srcF=@@, srcL=-1
  8 : text=@10@, class=@Constant@, type=@TIntegerConstant@, line=3, srcF=@@, srcL=-1
  9 : text=@)@, class=@Operator@, type=@TRightRoundBracket@, line=3, srcF=@@, srcL=-1
  10 : text=@{@, class=@Operator@, type=@TokenType@, line=3, srcF=@@, srcL=-1
  11 : text=@case@, class=@Keyword@, type=@TCase@, line=4, srcF=@@, srcL=-1
  12 : text=@5@, class=@Constant@, type=@TIntegerConstant@, line=4, srcF=@@, srcL=-1
  13 : text=@:@, class=@Operator@, type=@TColon@, line=4, srcF=@@, srcL=-1
  14 : text=@break@, class=@Keyword@, type=@TBreak@, line=5, srcF=@@, srcL=-1
  15 : text=@;@, class=@Operator@, type=@TokenType@, line=5, srcF=@@, srcL=-1
  16 : text=@default@, class=@Keyword@, type=@TDefault@, line=6, srcF=@@, srcL=-1
  17 : text=@:@, class=@Operator@, type=@TColon@, line=6, srcF=@@, srcL=-1
  18 : text=@break@, class=@Keyword@, type=@TBreak@, line=7, srcF=@@, srcL=-1
  19 : text=@;@, class=@Operator@, type=@TokenType@, line=7, srcF=@@, srcL=-1
  20 : text=@}@, class=@Operator@, type=@TokenType@, line=8, srcF=@@, srcL=-1
  21 : text=@}@, class=@Operator@, type=@TokenType@, line=9, srcF=@@, srcL=-1
Read 21 lines from file 'output/wjw13/stat-6.run.out'
Reference: 21 lines, Got: 21 lines.
Token 1 : Expected sourceFile @""@@, got @@
Token 1 : Expected sourceLine 1, got -1
Token 2 : Expected sourceFile @""@@, got @@
Token 2 : Expected sourceLine 1, got -1
Token 3 : Expected sourceFile @""@@, got @@
Token 3 : Expected sourceLine 1, got -1
Token 4 : Expected sourceFile @""@@, got @@
Token 4 : Expected sourceLine 1, got -1
Token 5 : Expected sourceFile @""@@, got @@
Token 5 : Expected sourceLine 2, got -1
Token 6 : Expected sourceFile @""@@, got @@
Token 6 : Expected sourceLine 3, got -1
Token 7 : Expected sourceFile @""@@, got @@
Token 7 : Expected sourceLine 3, got -1
Token 8 : Expected sourceFile @""@@, got @@
Token 8 : Expected sourceLine 3, got -1
Token 9 : Expected sourceFile @""@@, got @@
Token 9 : Expected sourceLine 3, got -1
Token 10 : Expected sourceFile @""@@, got @@
Token 10 : Expected sourceLine 3, got -1
Token 11 : Expected sourceFile @""@@, got @@
Token 11 : Expected sourceLine 4, got -1
Token 12 : Expected sourceFile @""@@, got @@
Token 12 : Expected sourceLine 4, got -1
Token 13 : Expected sourceFile @""@@, got @@
Token 13 : Expected sourceLine 4, got -1
Token 14 : Expected sourceFile @""@@, got @@
Token 14 : Expected sourceLine 5, got -1
Token 15 : Expected sourceFile @""@@, got @@
Token 15 : Expected sourceLine 5, got -1
Token 16 : Expected sourceFile @""@@, got @@
Token 16 : Expected sourceLine 6, got -1
Token 17 : Expected sourceFile @""@@, got @@
Token 17 : Expected sourceLine 6, got -1
Token 18 : Expected sourceFile @""@@, got @@
Token 18 : Expected sourceLine 7, got -1
Token 19 : Expected sourceFile @""@@, got @@
Token 19 : Expected sourceLine 7, got -1
Token 20 : Expected sourceFile @""@@, got @@
Token 20 : Expected sourceLine 8, got -1
Token 21 : Expected sourceFile @""@@, got @@
Token 21 : Expected sourceLine 9, got -1
    User,             Test, Tokens,   Text,  Class,   Type, LineNo, SrcFil, SrcLin
   wjw13,           stat-6,     21,  100.0,  100.0,  100.0,  100.0,    0.0,    0.0
