  1 : text=@int@, class=@Keyword@, type=@Int@, line=1, srcF=@""@, srcL=1
  2 : text=@main@, class=@Identifier@, type=@Identifier@, line=1, srcF=@""@, srcL=1
  3 : text=@(@, class=@Operator@, type=@ParenLeft@, line=1, srcF=@""@, srcL=1
  4 : text=@)@, class=@Operator@, type=@ParenRight@, line=1, srcF=@""@, srcL=1
  5 : text=@{@, class=@Operator@, type=@CurlyLeft@, line=2, srcF=@""@, srcL=2
  6 : text=@if@, class=@Keyword@, type=@If@, line=3, srcF=@""@, srcL=3
  7 : text=@(@, class=@Operator@, type=@ParenLeft@, line=3, srcF=@""@, srcL=3
  8 : text=@0@, class=@Constant@, type=@IntegerConstant@, line=3, srcF=@""@, srcL=3
  9 : text=@)@, class=@Operator@, type=@ParenRight@, line=3, srcF=@""@, srcL=3
  10 : text=@{@, class=@Operator@, type=@CurlyLeft@, line=3, srcF=@""@, srcL=3
  11 : text=@}@, class=@Operator@, type=@CurlyRight@, line=3, srcF=@""@, srcL=3
  12 : text=@}@, class=@Operator@, type=@CurlyRight@, line=4, srcF=@""@, srcL=4
Read 12 lines from file 'test-data/ref/stat-1.run.out'
  1 : text=@int@, class=@Keyword@, type=@TInt@, line=1, srcF=@@, srcL=-1
  2 : text=@main@, class=@Identifier@, type=@TIdentifier@, line=1, srcF=@@, srcL=-1
  3 : text=@(@, class=@Operator@, type=@TLeftRoundBracket@, line=1, srcF=@@, srcL=-1
  4 : text=@)@, class=@Operator@, type=@TRightRoundBracket@, line=1, srcF=@@, srcL=-1
  5 : text=@{@, class=@Operator@, type=@TokenType@, line=2, srcF=@@, srcL=-1
  6 : text=@if@, class=@Keyword@, type=@TIf@, line=3, srcF=@@, srcL=-1
  7 : text=@(@, class=@Operator@, type=@TLeftRoundBracket@, line=3, srcF=@@, srcL=-1
  8 : text=@0@, class=@Constant@, type=@TIntegerConstant@, line=3, srcF=@@, srcL=-1
  9 : text=@)@, class=@Operator@, type=@TRightRoundBracket@, line=3, srcF=@@, srcL=-1
  10 : text=@{@, class=@Operator@, type=@TokenType@, line=3, srcF=@@, srcL=-1
  11 : text=@}@, class=@Operator@, type=@TokenType@, line=3, srcF=@@, srcL=-1
  12 : text=@}@, class=@Operator@, type=@TokenType@, line=4, srcF=@@, srcL=-1
Read 12 lines from file 'output/wjw13/stat-1.run.out'
Reference: 12 lines, Got: 12 lines.
Token 1 : Expected sourceFile @""@@, got @@
Token 1 : Expected sourceLine 1, got -1
Token 2 : Expected sourceFile @""@@, got @@
Token 2 : Expected sourceLine 1, got -1
Token 3 : Expected sourceFile @""@@, got @@
Token 3 : Expected sourceLine 1, got -1
Token 4 : Expected sourceFile @""@@, got @@
Token 4 : Expected sourceLine 1, got -1
Token 5 : Expected sourceFile @""@@, got @@
Token 5 : Expected sourceLine 2, got -1
Token 6 : Expected sourceFile @""@@, got @@
Token 6 : Expected sourceLine 3, got -1
Token 7 : Expected sourceFile @""@@, got @@
Token 7 : Expected sourceLine 3, got -1
Token 8 : Expected sourceFile @""@@, got @@
Token 8 : Expected sourceLine 3, got -1
Token 9 : Expected sourceFile @""@@, got @@
Token 9 : Expected sourceLine 3, got -1
Token 10 : Expected sourceFile @""@@, got @@
Token 10 : Expected sourceLine 3, got -1
Token 11 : Expected sourceFile @""@@, got @@
Token 11 : Expected sourceLine 3, got -1
Token 12 : Expected sourceFile @""@@, got @@
Token 12 : Expected sourceLine 4, got -1
    User,             Test, Tokens,   Text,  Class,   Type, LineNo, SrcFil, SrcLin
   wjw13,           stat-1,     12,  100.0,  100.0,  100.0,  100.0,    0.0,    0.0
