  1 : text=@int@, class=@Keyword@, type=@Int@, line=1, srcF=@""@, srcL=1
  2 : text=@x@, class=@Identifier@, type=@Identifier@, line=1, srcF=@""@, srcL=1
  3 : text=@=@, class=@Operator@, type=@Assign@, line=1, srcF=@""@, srcL=1
  4 : text=@'\012'@, class=@Constant@, type=@CharacterConstant@, line=1, srcF=@""@, srcL=1
  5 : text=@;@, class=@Operator@, type=@SemiColon@, line=1, srcF=@""@, srcL=1
Read 5 lines from file 'test-data/ref/char-6.run.out'
  1 : text=@int@, class=@Keyword@, type=@TInt@, line=1, srcF=@@, srcL=-1
  2 : text=@x@, class=@Identifier@, type=@TIdentifier@, line=1, srcF=@@, srcL=-1
  3 : text=@=@, class=@Operator@, type=@TEqual@, line=1, srcF=@@, srcL=-1
  4 : text=@'\012'@, class=@Constant@, type=@TCharacterConstant@, line=1, srcF=@@, srcL=-1
  5 : text=@;@, class=@Operator@, type=@TokenType@, line=1, srcF=@@, srcL=-1
Read 5 lines from file 'output/wjw13/char-6.run.out'
Reference: 5 lines, Got: 5 lines.
Token 1 : Expected sourceFile @""@@, got @@
Token 1 : Expected sourceLine 1, got -1
Token 2 : Expected sourceFile @""@@, got @@
Token 2 : Expected sourceLine 1, got -1
Token 3 : Expected sourceFile @""@@, got @@
Token 3 : Expected sourceLine 1, got -1
Token 4 : Expected sourceFile @""@@, got @@
Token 4 : Expected sourceLine 1, got -1
Token 5 : Expected sourceFile @""@@, got @@
Token 5 : Expected sourceLine 1, got -1
    User,             Test, Tokens,   Text,  Class,   Type, LineNo, SrcFil, SrcLin
   wjw13,           char-6,      5,  100.0,  100.0,  100.0,  100.0,    0.0,    0.0
