int Keyword TInt 2  
main Identifier TIdentifier 2  
( Operator TLeftRoundBracket 2  
) Operator TRightRoundBracket 2  
{ Operator TokenType 3  
int Keyword TInt 5  
x Identifier TIdentifier 5  
= Operator TEqual 5  
5 Constant TIntegerConstant 5  
<< Operator TShiftLeft 5  
6 Constant TIntegerConstant 5  
; Operator TokenType 5  
x Identifier TIdentifier 6  
= Operator TEqual 6  
7 Constant TIntegerConstant 6  
>> Operator TShiftRight 6  
x Identifier TIdentifier 6  
; Operator TokenType 6  
x Identifier TIdentifier 7  
<<= Operator TLeftShiftEqual 7  
5 Constant TIntegerConstant 7  
; Operator TokenType 7  
x Identifier TIdentifier 8  
>>= Operator TRightShiftEqual 8  
6 Constant TIntegerConstant 8  
; Operator TokenType 8  
} Operator TokenType 10  
