int Keyword TInt 2  
f Identifier TIdentifier 2  
( Operator TLeftRoundBracket 2  
) Operator TRightRoundBracket 2  
{ Operator TokenType 3  
int Keyword TInt 4  
x Identifier TIdentifier 4  
= Operator TEqual 4  
0 Constant TIntegerConstant 4  
+0 Constant TIntegerConstant 4  
; Operator TokenType 4  
int Keyword TInt 5  
u Identifier TIdentifier 5  
= Operator TEqual 5  
x Identifier TIdentifier 5  
- Operator TMinus 5  
x Identifier TIdentifier 5  
; Operator TokenType 5  
int Keyword TInt 6  
z Identifier TIdentifier 6  
= Operator TEqual 6  
u Identifier TIdentifier 6  
* Operator TStar 6  
u Identifier TIdentifier 6  
; Operator TokenType 6  
int Keyword TInt 7  
y Identifier TIdentifier 7  
= Operator TEqual 7  
z Identifier TIdentifier 7  
/ Operator TForwardSlash 7  
x Identifier TIdentifier 7  
; Operator TokenType 7  
return Keyword TReturn 8  
y Identifier TIdentifier 8  
; Operator TokenType 8  
} Operator TokenType 9  
