int Keyword TInt 2  
main Identifier TIdentifier 2  
( Operator TLeftRoundBracket 2  
) Operator TRightRoundBracket 2  
{ Operator TokenType 3  
int Keyword TInt 5  
xx Identifier TIdentifier 5  
= Operator TEqual 5  
10 Constant TIntegerConstant 5  
; Operator TokenType 5  
xx Identifier TIdentifier 7  
++ Operator TPlusPlus 7  
; Operator TokenType 7  
-- Operator TMinusMinus 8  
xx Identifier TIdentifier 8  
; Operator TokenType 8  
++ Operator TPlusPlus 9  
xx Identifier TIdentifier 9  
; Operator TokenType 9  
-- Operator TMinusMinus 9  
xx Identifier TIdentifier 9  
; Operator TokenType 9  
} Operator TokenType 11  
