int Keyword TInt 2  
main Identifier TIdentifier 2  
( Operator TLeftRoundBracket 2  
) Operator TRightRoundBracket 2  
{ Operator TokenType 3  
int Keyword TInt 5  
x Identifier TIdentifier 5  
= Operator TEqual 5  
10 Constant TIntegerConstant 5  
; Operator TokenType 5  
x Identifier TIdentifier 6  
+= Operator TPlusEqual 6  
11 Constant TIntegerConstant 6  
; Operator TokenType 6  
x Identifier TIdentifier 6  
-= Operator TMinusEqual 6  
12 Constant TIntegerConstant 6  
; Operator TokenType 6  
x Identifier TIdentifier 6  
*= Operator TStarEqual 6  
13 Constant TIntegerConstant 6  
; Operator TokenType 6  
x Identifier TIdentifier 6  
/= Operator TForwardSlashEqual 6  
14 Constant TIntegerConstant 6  
; Operator TokenType 6  
} Operator TokenType 8  
