int Keyword TInt 2  
main Identifier TIdentifier 2  
( Operator TLeftRoundBracket 2  
) Operator TRightRoundBracket 2  
{ Operator TokenType 3  
int Keyword TInt 5  
xx Identifier TIdentifier 5  
= Operator TEqual 5  
10 Constant TIntegerConstant 5  
; Operator TokenType 5  
xx Identifier TIdentifier 7  
= Operator TEqual 7  
+ Operator TPlus 7  
++ Operator TPlusPlus 7  
xx Identifier TIdentifier 7  
; Operator TokenType 7  
xx Identifier TIdentifier 8  
= Operator TEqual 8  
+ Operator TPlus 8  
xx Identifier TIdentifier 8  
++ Operator TPlusPlus 8  
; Operator TokenType 8  
xx Identifier TIdentifier 9  
= Operator TEqual 9  
- Operator TMinus 9  
++ Operator TPlusPlus 9  
xx Identifier TIdentifier 9  
; Operator TokenType 9  
return Keyword TReturn 12  
xx Identifier TIdentifier 12  
; Operator TokenType 12  
} Operator TokenType 13  
