  1 : text=@int@, class=@Keyword@, type=@Int@, line=2, srcF=@""@, srcL=2
  2 : text=@ff@, class=@Identifier@, type=@Identifier@, line=2, srcF=@""@, srcL=2
  3 : text=@(@, class=@Operator@, type=@ParenLeft@, line=2, srcF=@""@, srcL=2
  4 : text=@)@, class=@Operator@, type=@ParenRight@, line=2, srcF=@""@, srcL=2
  5 : text=@{@, class=@Operator@, type=@CurlyLeft@, line=3, srcF=@""@, srcL=3
  6 : text=@int@, class=@Keyword@, type=@Int@, line=5, srcF=@""@, srcL=5
  7 : text=@x@, class=@Identifier@, type=@Identifier@, line=5, srcF=@""@, srcL=5
  8 : text=@=@, class=@Operator@, type=@Assign@, line=5, srcF=@""@, srcL=5
  9 : text=@0@, class=@Constant@, type=@IntegerConstant@, line=5, srcF=@""@, srcL=5
  10 : text=@&@, class=@Operator@, type=@BitAnd@, line=5, srcF=@""@, srcL=5
  11 : text=@0@, class=@Constant@, type=@IntegerConstant@, line=5, srcF=@""@, srcL=5
  12 : text=@;@, class=@Operator@, type=@SemiColon@, line=5, srcF=@""@, srcL=5
  13 : text=@int@, class=@Keyword@, type=@Int@, line=6, srcF=@""@, srcL=6
  14 : text=@u@, class=@Identifier@, type=@Identifier@, line=6, srcF=@""@, srcL=6
  15 : text=@=@, class=@Operator@, type=@Assign@, line=6, srcF=@""@, srcL=6
  16 : text=@x@, class=@Identifier@, type=@Identifier@, line=6, srcF=@""@, srcL=6
  17 : text=@|@, class=@Operator@, type=@BitOr@, line=6, srcF=@""@, srcL=6
  18 : text=@x@, class=@Identifier@, type=@Identifier@, line=6, srcF=@""@, srcL=6
  19 : text=@;@, class=@Operator@, type=@SemiColon@, line=6, srcF=@""@, srcL=6
  20 : text=@int@, class=@Keyword@, type=@Int@, line=7, srcF=@""@, srcL=7
  21 : text=@y@, class=@Identifier@, type=@Identifier@, line=7, srcF=@""@, srcL=7
  22 : text=@=@, class=@Operator@, type=@Assign@, line=7, srcF=@""@, srcL=7
  23 : text=@u@, class=@Identifier@, type=@Identifier@, line=7, srcF=@""@, srcL=7
  24 : text=@^@, class=@Operator@, type=@BitXor@, line=7, srcF=@""@, srcL=7
  25 : text=@~@, class=@Operator@, type=@Tilde@, line=7, srcF=@""@, srcL=7
  26 : text=@x@, class=@Identifier@, type=@Identifier@, line=7, srcF=@""@, srcL=7
  27 : text=@;@, class=@Operator@, type=@SemiColon@, line=7, srcF=@""@, srcL=7
  28 : text=@return@, class=@Keyword@, type=@Return@, line=10, srcF=@""@, srcL=10
  29 : text=@y@, class=@Identifier@, type=@Identifier@, line=10, srcF=@""@, srcL=10
  30 : text=@;@, class=@Operator@, type=@SemiColon@, line=10, srcF=@""@, srcL=10
  31 : text=@}@, class=@Operator@, type=@CurlyRight@, line=11, srcF=@""@, srcL=11
Read 31 lines from file 'test-data/ref/expr-3.run.out'
  1 : text=@int@, class=@Keyword@, type=@TInt@, line=2, srcF=@@, srcL=-1
  2 : text=@ff@, class=@Identifier@, type=@TIdentifier@, line=2, srcF=@@, srcL=-1
  3 : text=@(@, class=@Operator@, type=@TLeftRoundBracket@, line=2, srcF=@@, srcL=-1
  4 : text=@)@, class=@Operator@, type=@TRightRoundBracket@, line=2, srcF=@@, srcL=-1
  5 : text=@{@, class=@Operator@, type=@TokenType@, line=3, srcF=@@, srcL=-1
  6 : text=@int@, class=@Keyword@, type=@TInt@, line=5, srcF=@@, srcL=-1
  7 : text=@x@, class=@Identifier@, type=@TIdentifier@, line=5, srcF=@@, srcL=-1
  8 : text=@=@, class=@Operator@, type=@TEqual@, line=5, srcF=@@, srcL=-1
  9 : text=@0@, class=@Constant@, type=@TIntegerConstant@, line=5, srcF=@@, srcL=-1
  10 : text=@&@, class=@Operator@, type=@TBitwiseAND@, line=5, srcF=@@, srcL=-1
  11 : text=@0@, class=@Constant@, type=@TIntegerConstant@, line=5, srcF=@@, srcL=-1
  12 : text=@;@, class=@Operator@, type=@TokenType@, line=5, srcF=@@, srcL=-1
  13 : text=@int@, class=@Keyword@, type=@TInt@, line=6, srcF=@@, srcL=-1
  14 : text=@u@, class=@Identifier@, type=@TIdentifier@, line=6, srcF=@@, srcL=-1
  15 : text=@=@, class=@Operator@, type=@TEqual@, line=6, srcF=@@, srcL=-1
  16 : text=@x@, class=@Identifier@, type=@TIdentifier@, line=6, srcF=@@, srcL=-1
  17 : text=@|@, class=@Operator@, type=@TBitwiseOR@, line=6, srcF=@@, srcL=-1
  18 : text=@x@, class=@Identifier@, type=@TIdentifier@, line=6, srcF=@@, srcL=-1
  19 : text=@;@, class=@Operator@, type=@TokenType@, line=6, srcF=@@, srcL=-1
  20 : text=@int@, class=@Keyword@, type=@TInt@, line=7, srcF=@@, srcL=-1
  21 : text=@y@, class=@Identifier@, type=@TIdentifier@, line=7, srcF=@@, srcL=-1
  22 : text=@=@, class=@Operator@, type=@TEqual@, line=7, srcF=@@, srcL=-1
  23 : text=@u@, class=@Identifier@, type=@TIdentifier@, line=7, srcF=@@, srcL=-1
  24 : text=@^@, class=@Operator@, type=@TCaret@, line=7, srcF=@@, srcL=-1
  25 : text=@~@, class=@Operator@, type=@TTilde@, line=7, srcF=@@, srcL=-1
  26 : text=@x@, class=@Identifier@, type=@TIdentifier@, line=7, srcF=@@, srcL=-1
  27 : text=@;@, class=@Operator@, type=@TokenType@, line=7, srcF=@@, srcL=-1
  28 : text=@return@, class=@Keyword@, type=@TReturn@, line=10, srcF=@@, srcL=-1
  29 : text=@y@, class=@Identifier@, type=@TIdentifier@, line=10, srcF=@@, srcL=-1
  30 : text=@;@, class=@Operator@, type=@TokenType@, line=10, srcF=@@, srcL=-1
  31 : text=@}@, class=@Operator@, type=@TokenType@, line=11, srcF=@@, srcL=-1
Read 31 lines from file 'output/wjw13/expr-3.run.out'
Reference: 31 lines, Got: 31 lines.
Token 1 : Expected sourceFile @""@@, got @@
Token 1 : Expected sourceLine 2, got -1
Token 2 : Expected sourceFile @""@@, got @@
Token 2 : Expected sourceLine 2, got -1
Token 3 : Expected sourceFile @""@@, got @@
Token 3 : Expected sourceLine 2, got -1
Token 4 : Expected sourceFile @""@@, got @@
Token 4 : Expected sourceLine 2, got -1
Token 5 : Expected sourceFile @""@@, got @@
Token 5 : Expected sourceLine 3, got -1
Token 6 : Expected sourceFile @""@@, got @@
Token 6 : Expected sourceLine 5, got -1
Token 7 : Expected sourceFile @""@@, got @@
Token 7 : Expected sourceLine 5, got -1
Token 8 : Expected sourceFile @""@@, got @@
Token 8 : Expected sourceLine 5, got -1
Token 9 : Expected sourceFile @""@@, got @@
Token 9 : Expected sourceLine 5, got -1
Token 10 : Expected sourceFile @""@@, got @@
Token 10 : Expected sourceLine 5, got -1
Token 11 : Expected sourceFile @""@@, got @@
Token 11 : Expected sourceLine 5, got -1
Token 12 : Expected sourceFile @""@@, got @@
Token 12 : Expected sourceLine 5, got -1
Token 13 : Expected sourceFile @""@@, got @@
Token 13 : Expected sourceLine 6, got -1
Token 14 : Expected sourceFile @""@@, got @@
Token 14 : Expected sourceLine 6, got -1
Token 15 : Expected sourceFile @""@@, got @@
Token 15 : Expected sourceLine 6, got -1
Token 16 : Expected sourceFile @""@@, got @@
Token 16 : Expected sourceLine 6, got -1
Token 17 : Expected sourceFile @""@@, got @@
Token 17 : Expected sourceLine 6, got -1
Token 18 : Expected sourceFile @""@@, got @@
Token 18 : Expected sourceLine 6, got -1
Token 19 : Expected sourceFile @""@@, got @@
Token 19 : Expected sourceLine 6, got -1
Token 20 : Expected sourceFile @""@@, got @@
Token 20 : Expected sourceLine 7, got -1
Token 21 : Expected sourceFile @""@@, got @@
Token 21 : Expected sourceLine 7, got -1
Token 22 : Expected sourceFile @""@@, got @@
Token 22 : Expected sourceLine 7, got -1
Token 23 : Expected sourceFile @""@@, got @@
Token 23 : Expected sourceLine 7, got -1
Token 24 : Expected sourceFile @""@@, got @@
Token 24 : Expected sourceLine 7, got -1
Token 25 : Expected sourceFile @""@@, got @@
Token 25 : Expected sourceLine 7, got -1
Token 26 : Expected sourceFile @""@@, got @@
Token 26 : Expected sourceLine 7, got -1
Token 27 : Expected sourceFile @""@@, got @@
Token 27 : Expected sourceLine 7, got -1
Token 28 : Expected sourceFile @""@@, got @@
Token 28 : Expected sourceLine 10, got -1
Token 29 : Expected sourceFile @""@@, got @@
Token 29 : Expected sourceLine 10, got -1
Token 30 : Expected sourceFile @""@@, got @@
Token 30 : Expected sourceLine 10, got -1
Token 31 : Expected sourceFile @""@@, got @@
Token 31 : Expected sourceLine 11, got -1
    User,             Test, Tokens,   Text,  Class,   Type, LineNo, SrcFil, SrcLin
   wjw13,           expr-3,     31,  100.0,  100.0,  100.0,  100.0,    0.0,    0.0
