int Keyword TInt 2  
ff Identifier TIdentifier 2  
( Operator TLeftRoundBracket 2  
) Operator TRightRoundBracket 2  
{ Operator TokenType 3  
int Keyword TInt 5  
x Identifier TIdentifier 5  
= Operator TEqual 5  
0 Constant TIntegerConstant 5  
& Operator TBitwiseAND 5  
0 Constant TIntegerConstant 5  
; Operator TokenType 5  
int Keyword TInt 6  
u Identifier TIdentifier 6  
= Operator TEqual 6  
x Identifier TIdentifier 6  
| Operator TBitwiseOR 6  
x Identifier TIdentifier 6  
; Operator TokenType 6  
int Keyword TInt 7  
y Identifier TIdentifier 7  
= Operator TEqual 7  
u Identifier TIdentifier 7  
^ Operator TCaret 7  
~ Operator TTilde 7  
x Identifier TIdentifier 7  
; Operator TokenType 7  
return Keyword TReturn 10  
y Identifier TIdentifier 10  
; Operator TokenType 10  
} Operator TokenType 11  
