int Keyword TInt 2  
f Identifier TIdentifier 2  
( Operator TLeftRoundBracket 2  
) Operator TRightRoundBracket 2  
{ Operator TokenType 3  
int Keyword TInt 4  
x Identifier TIdentifier 4  
= Operator TEqual 4  
0 Constant TIntegerConstant 4  
&& Operator TAND 4  
0 Constant TIntegerConstant 4  
; Operator TokenType 4  
int Keyword TInt 5  
u Identifier TIdentifier 5  
= Operator TEqual 5  
5 Constant TIntegerConstant 5  
|| Operator TOR 5  
x Identifier TIdentifier 5  
; Operator TokenType 5  
return Keyword TReturn 6  
u Identifier TIdentifier 6  
; Operator TokenType 6  
} Operator TokenType 7  
