  1 : text=@int@, class=@Keyword@, type=@Int@, line=7, srcF=@"test-data/src/include-2.ci"@, srcL=1
  2 : text=@x@, class=@Identifier@, type=@Identifier@, line=7, srcF=@"test-data/src/include-2.ci"@, srcL=1
  3 : text=@;@, class=@Operator@, type=@SemiColon@, line=7, srcF=@"test-data/src/include-2.ci"@, srcL=1
  4 : text=@struct@, class=@Keyword@, type=@Struct@, line=10, srcF=@"test-data/src/mini-stdio.h"@, srcL=1
  5 : text=@FILE@, class=@Identifier@, type=@Identifier@, line=10, srcF=@"test-data/src/mini-stdio.h"@, srcL=1
  6 : text=@;@, class=@Operator@, type=@SemiColon@, line=10, srcF=@"test-data/src/mini-stdio.h"@, srcL=1
  7 : text=@int@, class=@Keyword@, type=@Int@, line=12, srcF=@"test-data/src/mini-stdio.h"@, srcL=3
  8 : text=@getc@, class=@Identifier@, type=@Identifier@, line=12, srcF=@"test-data/src/mini-stdio.h"@, srcL=3
  9 : text=@(@, class=@Operator@, type=@ParenLeft@, line=12, srcF=@"test-data/src/mini-stdio.h"@, srcL=3
  10 : text=@)@, class=@Operator@, type=@ParenRight@, line=12, srcF=@"test-data/src/mini-stdio.h"@, srcL=3
  11 : text=@;@, class=@Operator@, type=@SemiColon@, line=12, srcF=@"test-data/src/mini-stdio.h"@, srcL=3
  12 : text=@struct@, class=@Keyword@, type=@Struct@, line=14, srcF=@"test-data/src/mini-stdio.h"@, srcL=5
  13 : text=@FILE@, class=@Identifier@, type=@Identifier@, line=14, srcF=@"test-data/src/mini-stdio.h"@, srcL=5
  14 : text=@*@, class=@Operator@, type=@Asterix@, line=14, srcF=@"test-data/src/mini-stdio.h"@, srcL=5
  15 : text=@fopen@, class=@Identifier@, type=@Identifier@, line=14, srcF=@"test-data/src/mini-stdio.h"@, srcL=5
  16 : text=@(@, class=@Operator@, type=@ParenLeft@, line=14, srcF=@"test-data/src/mini-stdio.h"@, srcL=5
  17 : text=@const@, class=@Keyword@, type=@Const@, line=14, srcF=@"test-data/src/mini-stdio.h"@, srcL=5
  18 : text=@char@, class=@Keyword@, type=@Char@, line=14, srcF=@"test-data/src/mini-stdio.h"@, srcL=5
  19 : text=@*@, class=@Operator@, type=@Asterix@, line=14, srcF=@"test-data/src/mini-stdio.h"@, srcL=5
  20 : text=@,@, class=@Operator@, type=@Comma@, line=14, srcF=@"test-data/src/mini-stdio.h"@, srcL=5
  21 : text=@const@, class=@Keyword@, type=@Const@, line=14, srcF=@"test-data/src/mini-stdio.h"@, srcL=5
  22 : text=@char@, class=@Keyword@, type=@Char@, line=14, srcF=@"test-data/src/mini-stdio.h"@, srcL=5
  23 : text=@*@, class=@Operator@, type=@Asterix@, line=14, srcF=@"test-data/src/mini-stdio.h"@, srcL=5
  24 : text=@)@, class=@Operator@, type=@ParenRight@, line=14, srcF=@"test-data/src/mini-stdio.h"@, srcL=5
  25 : text=@;@, class=@Operator@, type=@SemiColon@, line=14, srcF=@"test-data/src/mini-stdio.h"@, srcL=5
Read 25 lines from file 'test-data/ref/include-2.run.out'
  1 : text=@int@, class=@Keyword@, type=@TInt@, line=7, srcF=@"test-data/src/include-2.ci"@, srcL=1
  2 : text=@x@, class=@Identifier@, type=@TIdentifier@, line=7, srcF=@"test-data/src/include-2.ci"@, srcL=1
  3 : text=@;@, class=@Operator@, type=@TokenType@, line=7, srcF=@"test-data/src/include-2.ci"@, srcL=1
  4 : text=@struct@, class=@Keyword@, type=@TStruct@, line=10, srcF=@"test-data/src/mini-stdio.h"@, srcL=1
  5 : text=@FILE@, class=@Identifier@, type=@TIdentifier@, line=10, srcF=@"test-data/src/mini-stdio.h"@, srcL=1
  6 : text=@;@, class=@Operator@, type=@TokenType@, line=10, srcF=@"test-data/src/mini-stdio.h"@, srcL=1
  7 : text=@int@, class=@Keyword@, type=@TInt@, line=12, srcF=@"test-data/src/mini-stdio.h"@, srcL=3
  8 : text=@getc@, class=@Identifier@, type=@TIdentifier@, line=12, srcF=@"test-data/src/mini-stdio.h"@, srcL=3
  9 : text=@(@, class=@Operator@, type=@TLeftRoundBracket@, line=12, srcF=@"test-data/src/mini-stdio.h"@, srcL=3
  10 : text=@)@, class=@Operator@, type=@TRightRoundBracket@, line=12, srcF=@"test-data/src/mini-stdio.h"@, srcL=3
  11 : text=@;@, class=@Operator@, type=@TokenType@, line=12, srcF=@"test-data/src/mini-stdio.h"@, srcL=3
  12 : text=@struct@, class=@Keyword@, type=@TStruct@, line=14, srcF=@"test-data/src/mini-stdio.h"@, srcL=5
  13 : text=@FILE@, class=@Identifier@, type=@TIdentifier@, line=14, srcF=@"test-data/src/mini-stdio.h"@, srcL=5
  14 : text=@*@, class=@Operator@, type=@TStar@, line=14, srcF=@"test-data/src/mini-stdio.h"@, srcL=5
  15 : text=@fopen@, class=@Identifier@, type=@TIdentifier@, line=14, srcF=@"test-data/src/mini-stdio.h"@, srcL=5
  16 : text=@(@, class=@Operator@, type=@TLeftRoundBracket@, line=14, srcF=@"test-data/src/mini-stdio.h"@, srcL=5
  17 : text=@const@, class=@Keyword@, type=@TConst@, line=14, srcF=@"test-data/src/mini-stdio.h"@, srcL=5
  18 : text=@char@, class=@Keyword@, type=@TChar@, line=14, srcF=@"test-data/src/mini-stdio.h"@, srcL=5
  19 : text=@*@, class=@Operator@, type=@TStar@, line=14, srcF=@"test-data/src/mini-stdio.h"@, srcL=5
  20 : text=@,@, class=@Operator@, type=@TComma@, line=14, srcF=@"test-data/src/mini-stdio.h"@, srcL=5
  21 : text=@const@, class=@Keyword@, type=@TConst@, line=14, srcF=@"test-data/src/mini-stdio.h"@, srcL=5
  22 : text=@char@, class=@Keyword@, type=@TChar@, line=14, srcF=@"test-data/src/mini-stdio.h"@, srcL=5
  23 : text=@*@, class=@Operator@, type=@TStar@, line=14, srcF=@"test-data/src/mini-stdio.h"@, srcL=5
  24 : text=@)@, class=@Operator@, type=@TRightRoundBracket@, line=14, srcF=@"test-data/src/mini-stdio.h"@, srcL=5
  25 : text=@;@, class=@Operator@, type=@TokenType@, line=14, srcF=@"test-data/src/mini-stdio.h"@, srcL=5
Read 25 lines from file 'output/wjw13/include-2.run.out'
Reference: 25 lines, Got: 25 lines.
    User,             Test, Tokens,   Text,  Class,   Type, LineNo, SrcFil, SrcLin
   wjw13,        include-2,     25,  100.0,  100.0,  100.0,  100.0,  100.0,  100.0
