  1 : text=@int@, class=@Keyword@, type=@Int@, line=7, srcF=@"test-data/src/include-3.ci"@, srcL=1
  2 : text=@x@, class=@Identifier@, type=@Identifier@, line=7, srcF=@"test-data/src/include-3.ci"@, srcL=1
  3 : text=@;@, class=@Operator@, type=@SemiColon@, line=7, srcF=@"test-data/src/include-3.ci"@, srcL=1
  4 : text=@struct@, class=@Keyword@, type=@Struct@, line=10, srcF=@"test-data/src/mini-stdio.h"@, srcL=1
  5 : text=@FILE@, class=@Identifier@, type=@Identifier@, line=10, srcF=@"test-data/src/mini-stdio.h"@, srcL=1
  6 : text=@;@, class=@Operator@, type=@SemiColon@, line=10, srcF=@"test-data/src/mini-stdio.h"@, srcL=1
  7 : text=@int@, class=@Keyword@, type=@Int@, line=12, srcF=@"test-data/src/mini-stdio.h"@, srcL=3
  8 : text=@getc@, class=@Identifier@, type=@Identifier@, line=12, srcF=@"test-data/src/mini-stdio.h"@, srcL=3
  9 : text=@(@, class=@Operator@, type=@ParenLeft@, line=12, srcF=@"test-data/src/mini-stdio.h"@, srcL=3
  10 : text=@)@, class=@Operator@, type=@ParenRight@, line=12, srcF=@"test-data/src/mini-stdio.h"@, srcL=3
  11 : text=@;@, class=@Operator@, type=@SemiColon@, line=12, srcF=@"test-data/src/mini-stdio.h"@, srcL=3
  12 : text=@struct@, class=@Keyword@, type=@Struct@, line=14, srcF=@"test-data/src/mini-stdio.h"@, srcL=5
  13 : text=@FILE@, class=@Identifier@, type=@Identifier@, line=14, srcF=@"test-data/src/mini-stdio.h"@, srcL=5
  14 : text=@*@, class=@Operator@, type=@Asterix@, line=14, srcF=@"test-data/src/mini-stdio.h"@, srcL=5
  15 : text=@fopen@, class=@Identifier@, type=@Identifier@, line=14, srcF=@"test-data/src/mini-stdio.h"@, srcL=5
  16 : text=@(@, class=@Operator@, type=@ParenLeft@, line=14, srcF=@"test-data/src/mini-stdio.h"@, srcL=5
  17 : text=@const@, class=@Keyword@, type=@Const@, line=14, srcF=@"test-data/src/mini-stdio.h"@, srcL=5
  18 : text=@char@, class=@Keyword@, type=@Char@, line=14, srcF=@"test-data/src/mini-stdio.h"@, srcL=5
  19 : text=@*@, class=@Operator@, type=@Asterix@, line=14, srcF=@"test-data/src/mini-stdio.h"@, srcL=5
  20 : text=@,@, class=@Operator@, type=@Comma@, line=14, srcF=@"test-data/src/mini-stdio.h"@, srcL=5
  21 : text=@const@, class=@Keyword@, type=@Const@, line=14, srcF=@"test-data/src/mini-stdio.h"@, srcL=5
  22 : text=@char@, class=@Keyword@, type=@Char@, line=14, srcF=@"test-data/src/mini-stdio.h"@, srcL=5
  23 : text=@*@, class=@Operator@, type=@Asterix@, line=14, srcF=@"test-data/src/mini-stdio.h"@, srcL=5
  24 : text=@)@, class=@Operator@, type=@ParenRight@, line=14, srcF=@"test-data/src/mini-stdio.h"@, srcL=5
  25 : text=@;@, class=@Operator@, type=@SemiColon@, line=14, srcF=@"test-data/src/mini-stdio.h"@, srcL=5
  26 : text=@int@, class=@Keyword@, type=@Int@, line=17, srcF=@"test-data/src/include-3.ci"@, srcL=5
  27 : text=@y@, class=@Identifier@, type=@Identifier@, line=17, srcF=@"test-data/src/include-3.ci"@, srcL=5
  28 : text=@;@, class=@Operator@, type=@SemiColon@, line=17, srcF=@"test-data/src/include-3.ci"@, srcL=5
  29 : text=@struct@, class=@Keyword@, type=@Struct@, line=20, srcF=@"test-data/src/mini-stdio.h"@, srcL=1
  30 : text=@FILE@, class=@Identifier@, type=@Identifier@, line=20, srcF=@"test-data/src/mini-stdio.h"@, srcL=1
  31 : text=@;@, class=@Operator@, type=@SemiColon@, line=20, srcF=@"test-data/src/mini-stdio.h"@, srcL=1
  32 : text=@int@, class=@Keyword@, type=@Int@, line=22, srcF=@"test-data/src/mini-stdio.h"@, srcL=3
  33 : text=@getc@, class=@Identifier@, type=@Identifier@, line=22, srcF=@"test-data/src/mini-stdio.h"@, srcL=3
  34 : text=@(@, class=@Operator@, type=@ParenLeft@, line=22, srcF=@"test-data/src/mini-stdio.h"@, srcL=3
  35 : text=@)@, class=@Operator@, type=@ParenRight@, line=22, srcF=@"test-data/src/mini-stdio.h"@, srcL=3
  36 : text=@;@, class=@Operator@, type=@SemiColon@, line=22, srcF=@"test-data/src/mini-stdio.h"@, srcL=3
  37 : text=@struct@, class=@Keyword@, type=@Struct@, line=24, srcF=@"test-data/src/mini-stdio.h"@, srcL=5
  38 : text=@FILE@, class=@Identifier@, type=@Identifier@, line=24, srcF=@"test-data/src/mini-stdio.h"@, srcL=5
  39 : text=@*@, class=@Operator@, type=@Asterix@, line=24, srcF=@"test-data/src/mini-stdio.h"@, srcL=5
  40 : text=@fopen@, class=@Identifier@, type=@Identifier@, line=24, srcF=@"test-data/src/mini-stdio.h"@, srcL=5
  41 : text=@(@, class=@Operator@, type=@ParenLeft@, line=24, srcF=@"test-data/src/mini-stdio.h"@, srcL=5
  42 : text=@const@, class=@Keyword@, type=@Const@, line=24, srcF=@"test-data/src/mini-stdio.h"@, srcL=5
  43 : text=@char@, class=@Keyword@, type=@Char@, line=24, srcF=@"test-data/src/mini-stdio.h"@, srcL=5
  44 : text=@*@, class=@Operator@, type=@Asterix@, line=24, srcF=@"test-data/src/mini-stdio.h"@, srcL=5
  45 : text=@,@, class=@Operator@, type=@Comma@, line=24, srcF=@"test-data/src/mini-stdio.h"@, srcL=5
  46 : text=@const@, class=@Keyword@, type=@Const@, line=24, srcF=@"test-data/src/mini-stdio.h"@, srcL=5
  47 : text=@char@, class=@Keyword@, type=@Char@, line=24, srcF=@"test-data/src/mini-stdio.h"@, srcL=5
  48 : text=@*@, class=@Operator@, type=@Asterix@, line=24, srcF=@"test-data/src/mini-stdio.h"@, srcL=5
  49 : text=@)@, class=@Operator@, type=@ParenRight@, line=24, srcF=@"test-data/src/mini-stdio.h"@, srcL=5
  50 : text=@;@, class=@Operator@, type=@SemiColon@, line=24, srcF=@"test-data/src/mini-stdio.h"@, srcL=5
Read 50 lines from file 'test-data/ref/include-3.run.out'
  1 : text=@int@, class=@Keyword@, type=@TInt@, line=7, srcF=@"test-data/src/include-3.ci"@, srcL=1
  2 : text=@x@, class=@Identifier@, type=@TIdentifier@, line=7, srcF=@"test-data/src/include-3.ci"@, srcL=1
  3 : text=@;@, class=@Operator@, type=@TokenType@, line=7, srcF=@"test-data/src/include-3.ci"@, srcL=1
  4 : text=@struct@, class=@Keyword@, type=@TStruct@, line=10, srcF=@"test-data/src/mini-stdio.h"@, srcL=1
  5 : text=@FILE@, class=@Identifier@, type=@TIdentifier@, line=10, srcF=@"test-data/src/mini-stdio.h"@, srcL=1
  6 : text=@;@, class=@Operator@, type=@TokenType@, line=10, srcF=@"test-data/src/mini-stdio.h"@, srcL=1
  7 : text=@int@, class=@Keyword@, type=@TInt@, line=12, srcF=@"test-data/src/mini-stdio.h"@, srcL=3
  8 : text=@getc@, class=@Identifier@, type=@TIdentifier@, line=12, srcF=@"test-data/src/mini-stdio.h"@, srcL=3
  9 : text=@(@, class=@Operator@, type=@TLeftRoundBracket@, line=12, srcF=@"test-data/src/mini-stdio.h"@, srcL=3
  10 : text=@)@, class=@Operator@, type=@TRightRoundBracket@, line=12, srcF=@"test-data/src/mini-stdio.h"@, srcL=3
  11 : text=@;@, class=@Operator@, type=@TokenType@, line=12, srcF=@"test-data/src/mini-stdio.h"@, srcL=3
  12 : text=@struct@, class=@Keyword@, type=@TStruct@, line=14, srcF=@"test-data/src/mini-stdio.h"@, srcL=5
  13 : text=@FILE@, class=@Identifier@, type=@TIdentifier@, line=14, srcF=@"test-data/src/mini-stdio.h"@, srcL=5
  14 : text=@*@, class=@Operator@, type=@TStar@, line=14, srcF=@"test-data/src/mini-stdio.h"@, srcL=5
  15 : text=@fopen@, class=@Identifier@, type=@TIdentifier@, line=14, srcF=@"test-data/src/mini-stdio.h"@, srcL=5
  16 : text=@(@, class=@Operator@, type=@TLeftRoundBracket@, line=14, srcF=@"test-data/src/mini-stdio.h"@, srcL=5
  17 : text=@const@, class=@Keyword@, type=@TConst@, line=14, srcF=@"test-data/src/mini-stdio.h"@, srcL=5
  18 : text=@char@, class=@Keyword@, type=@TChar@, line=14, srcF=@"test-data/src/mini-stdio.h"@, srcL=5
  19 : text=@*@, class=@Operator@, type=@TStar@, line=14, srcF=@"test-data/src/mini-stdio.h"@, srcL=5
  20 : text=@,@, class=@Operator@, type=@TComma@, line=14, srcF=@"test-data/src/mini-stdio.h"@, srcL=5
  21 : text=@const@, class=@Keyword@, type=@TConst@, line=14, srcF=@"test-data/src/mini-stdio.h"@, srcL=5
  22 : text=@char@, class=@Keyword@, type=@TChar@, line=14, srcF=@"test-data/src/mini-stdio.h"@, srcL=5
  23 : text=@*@, class=@Operator@, type=@TStar@, line=14, srcF=@"test-data/src/mini-stdio.h"@, srcL=5
  24 : text=@)@, class=@Operator@, type=@TRightRoundBracket@, line=14, srcF=@"test-data/src/mini-stdio.h"@, srcL=5
  25 : text=@;@, class=@Operator@, type=@TokenType@, line=14, srcF=@"test-data/src/mini-stdio.h"@, srcL=5
  26 : text=@int@, class=@Keyword@, type=@TInt@, line=17, srcF=@"test-data/src/include-3.ci"@, srcL=5
  27 : text=@y@, class=@Identifier@, type=@TIdentifier@, line=17, srcF=@"test-data/src/include-3.ci"@, srcL=5
  28 : text=@;@, class=@Operator@, type=@TokenType@, line=17, srcF=@"test-data/src/include-3.ci"@, srcL=5
  29 : text=@struct@, class=@Keyword@, type=@TStruct@, line=20, srcF=@"test-data/src/mini-stdio.h"@, srcL=1
  30 : text=@FILE@, class=@Identifier@, type=@TIdentifier@, line=20, srcF=@"test-data/src/mini-stdio.h"@, srcL=1
  31 : text=@;@, class=@Operator@, type=@TokenType@, line=20, srcF=@"test-data/src/mini-stdio.h"@, srcL=1
  32 : text=@int@, class=@Keyword@, type=@TInt@, line=22, srcF=@"test-data/src/mini-stdio.h"@, srcL=3
  33 : text=@getc@, class=@Identifier@, type=@TIdentifier@, line=22, srcF=@"test-data/src/mini-stdio.h"@, srcL=3
  34 : text=@(@, class=@Operator@, type=@TLeftRoundBracket@, line=22, srcF=@"test-data/src/mini-stdio.h"@, srcL=3
  35 : text=@)@, class=@Operator@, type=@TRightRoundBracket@, line=22, srcF=@"test-data/src/mini-stdio.h"@, srcL=3
  36 : text=@;@, class=@Operator@, type=@TokenType@, line=22, srcF=@"test-data/src/mini-stdio.h"@, srcL=3
  37 : text=@struct@, class=@Keyword@, type=@TStruct@, line=24, srcF=@"test-data/src/mini-stdio.h"@, srcL=5
  38 : text=@FILE@, class=@Identifier@, type=@TIdentifier@, line=24, srcF=@"test-data/src/mini-stdio.h"@, srcL=5
  39 : text=@*@, class=@Operator@, type=@TStar@, line=24, srcF=@"test-data/src/mini-stdio.h"@, srcL=5
  40 : text=@fopen@, class=@Identifier@, type=@TIdentifier@, line=24, srcF=@"test-data/src/mini-stdio.h"@, srcL=5
  41 : text=@(@, class=@Operator@, type=@TLeftRoundBracket@, line=24, srcF=@"test-data/src/mini-stdio.h"@, srcL=5
  42 : text=@const@, class=@Keyword@, type=@TConst@, line=24, srcF=@"test-data/src/mini-stdio.h"@, srcL=5
  43 : text=@char@, class=@Keyword@, type=@TChar@, line=24, srcF=@"test-data/src/mini-stdio.h"@, srcL=5
  44 : text=@*@, class=@Operator@, type=@TStar@, line=24, srcF=@"test-data/src/mini-stdio.h"@, srcL=5
  45 : text=@,@, class=@Operator@, type=@TComma@, line=24, srcF=@"test-data/src/mini-stdio.h"@, srcL=5
  46 : text=@const@, class=@Keyword@, type=@TConst@, line=24, srcF=@"test-data/src/mini-stdio.h"@, srcL=5
  47 : text=@char@, class=@Keyword@, type=@TChar@, line=24, srcF=@"test-data/src/mini-stdio.h"@, srcL=5
  48 : text=@*@, class=@Operator@, type=@TStar@, line=24, srcF=@"test-data/src/mini-stdio.h"@, srcL=5
  49 : text=@)@, class=@Operator@, type=@TRightRoundBracket@, line=24, srcF=@"test-data/src/mini-stdio.h"@, srcL=5
  50 : text=@;@, class=@Operator@, type=@TokenType@, line=24, srcF=@"test-data/src/mini-stdio.h"@, srcL=5
Read 50 lines from file 'output/wjw13/include-3.run.out'
Reference: 50 lines, Got: 50 lines.
    User,             Test, Tokens,   Text,  Class,   Type, LineNo, SrcFil, SrcLin
   wjw13,        include-3,     50,  100.0,  100.0,  100.0,  100.0,  100.0,  100.0
