  1 : text=@int@, class=@Keyword@, type=@Int@, line=1, srcF=@""@, srcL=1
  2 : text=@x@, class=@Identifier@, type=@Identifier@, line=1, srcF=@""@, srcL=1
  3 : text=@=@, class=@Operator@, type=@Assign@, line=1, srcF=@""@, srcL=1
  4 : text=@-@, class=@Operator@, type=@Minus@, line=1, srcF=@""@, srcL=1
  5 : text=@1000@, class=@Constant@, type=@IntegerConstant@, line=1, srcF=@""@, srcL=1
  6 : text=@;@, class=@Operator@, type=@SemiColon@, line=1, srcF=@""@, srcL=1
Read 6 lines from file 'test-data/ref/int-3.run.out'
  1 : text=@int@, class=@Keyword@, type=@TInt@, line=1, srcF=@@, srcL=-1
  2 : text=@x@, class=@Identifier@, type=@TIdentifier@, line=1, srcF=@@, srcL=-1
  3 : text=@=@, class=@Operator@, type=@TEqual@, line=1, srcF=@@, srcL=-1
  4 : text=@-1000@, class=@Constant@, type=@TIntegerConstant@, line=1, srcF=@@, srcL=-1
  5 : text=@;@, class=@Operator@, type=@TokenType@, line=1, srcF=@@, srcL=-1
Read 5 lines from file 'output/wjw13/int-3.run.out'
Reference: 6 lines, Got: 5 lines.
Token 1 : Expected sourceFile @""@@, got @@
Token 1 : Expected sourceLine 1, got -1
Token 2 : Expected sourceFile @""@@, got @@
Token 2 : Expected sourceLine 1, got -1
Token 3 : Expected sourceFile @""@@, got @@
Token 3 : Expected sourceLine 1, got -1
Token 4 : Expected text @-@
Token 4 : Expected class @Operator@, got @Constant@
Token 4 : Expected sourceFile @""@@, got @@
Token 4 : Expected sourceLine 1, got -1
Token 5 : Expected text @1000@
Token 5 : Expected class @Constant@, got @Operator@
Token 5 : Expected sourceFile @""@@, got @@
Token 5 : Expected sourceLine 1, got -1
    User,             Test, Tokens,   Text,  Class,   Type, LineNo, SrcFil, SrcLin
   wjw13,            int-3,      6,   50.0,   50.0,   83.3,   83.3,    0.0,    0.0
