int Keyword TInt 2  
main Identifier TIdentifier 2  
( Operator TLeftRoundBracket 2  
) Operator TRightRoundBracket 2  
{ Operator TokenType 3  
int Keyword TInt 5  
x Identifier TIdentifier 5  
= Operator TEqual 5  
0 Constant TIntegerConstant 5  
; Operator TokenType 5  
int Keyword TInt 7  
* Operator TStar 7  
y Identifier TIdentifier 7  
= Operator TEqual 7  
& Operator TBitwiseAND 7  
x Identifier TIdentifier 7  
; Operator TokenType 7  
x Identifier TIdentifier 9  
= Operator TEqual 9  
y Identifier TIdentifier 9  
[ Operator TLeftSquareBracket 9  
0 Constant TIntegerConstant 9  
] Operator TRightSquareBracket 9  
; Operator TokenType 9  
} Operator TokenType 11  
