int Keyword TInt 1  
main Identifier TIdentifier 1  
( Operator TLeftRoundBracket 1  
) Operator TRightRoundBracket 1  
{ Operator TokenType 2  
switch Keyword TSwitch 3  
( Operator TLeftRoundBracket 3  
10 Constant TIntegerConstant 3  
) Operator TRightRoundBracket 3  
{ Operator TokenType 3  
case Keyword TCase 4  
5 Constant TIntegerConstant 4  
: Operator TColon 4  
break Keyword TBreak 5  
; Operator TokenType 5  
default Keyword TDefault 6  
: Operator TColon 6  
break Keyword TBreak 7  
; Operator TokenType 7  
} Operator TokenType 8  
} Operator TokenType 9  
