  1 : text=@struct@, class=@Keyword@, type=@Struct@, line=1, srcF=@""@, srcL=1
  2 : text=@x@, class=@Identifier@, type=@Identifier@, line=1, srcF=@""@, srcL=1
  3 : text=@{@, class=@Operator@, type=@CurlyLeft@, line=1, srcF=@""@, srcL=1
  4 : text=@int@, class=@Keyword@, type=@Int@, line=1, srcF=@""@, srcL=1
  5 : text=@f@, class=@Identifier@, type=@Identifier@, line=1, srcF=@""@, srcL=1
  6 : text=@;@, class=@Operator@, type=@SemiColon@, line=1, srcF=@""@, srcL=1
  7 : text=@}@, class=@Operator@, type=@CurlyRight@, line=1, srcF=@""@, srcL=1
  8 : text=@;@, class=@Operator@, type=@SemiColon@, line=1, srcF=@""@, srcL=1
Read 8 lines from file 'test-data/ref/struct-3.run.out'
  1 : text=@struct@, class=@Keyword@, type=@TStruct@, line=1, srcF=@@, srcL=-1
  2 : text=@x@, class=@Identifier@, type=@TIdentifier@, line=1, srcF=@@, srcL=-1
  3 : text=@{@, class=@Operator@, type=@TokenType@, line=1, srcF=@@, srcL=-1
  4 : text=@int@, class=@Keyword@, type=@TInt@, line=1, srcF=@@, srcL=-1
  5 : text=@f@, class=@Identifier@, type=@TIdentifier@, line=1, srcF=@@, srcL=-1
  6 : text=@;@, class=@Operator@, type=@TokenType@, line=1, srcF=@@, srcL=-1
  7 : text=@}@, class=@Operator@, type=@TokenType@, line=1, srcF=@@, srcL=-1
  8 : text=@;@, class=@Operator@, type=@TokenType@, line=1, srcF=@@, srcL=-1
Read 8 lines from file 'output/wjw13/struct-3.run.out'
Reference: 8 lines, Got: 8 lines.
Token 1 : Expected sourceFile @""@@, got @@
Token 1 : Expected sourceLine 1, got -1
Token 2 : Expected sourceFile @""@@, got @@
Token 2 : Expected sourceLine 1, got -1
Token 3 : Expected sourceFile @""@@, got @@
Token 3 : Expected sourceLine 1, got -1
Token 4 : Expected sourceFile @""@@, got @@
Token 4 : Expected sourceLine 1, got -1
Token 5 : Expected sourceFile @""@@, got @@
Token 5 : Expected sourceLine 1, got -1
Token 6 : Expected sourceFile @""@@, got @@
Token 6 : Expected sourceLine 1, got -1
Token 7 : Expected sourceFile @""@@, got @@
Token 7 : Expected sourceLine 1, got -1
Token 8 : Expected sourceFile @""@@, got @@
Token 8 : Expected sourceLine 1, got -1
    User,             Test, Tokens,   Text,  Class,   Type, LineNo, SrcFil, SrcLin
   wjw13,         struct-3,      8,  100.0,  100.0,  100.0,  100.0,    0.0,    0.0
