  1 : text=@long@, class=@Keyword@, type=@Long@, line=1, srcF=@""@, srcL=1
  2 : text=@int@, class=@Keyword@, type=@Int@, line=1, srcF=@""@, srcL=1
  3 : text=@y@, class=@Identifier@, type=@Identifier@, line=1, srcF=@""@, srcL=1
  4 : text=@;@, class=@Operator@, type=@SemiColon@, line=1, srcF=@""@, srcL=1
  5 : text=@float@, class=@Keyword@, type=@Float@, line=2, srcF=@""@, srcL=2
  6 : text=@z@, class=@Identifier@, type=@Identifier@, line=2, srcF=@""@, srcL=2
  7 : text=@;@, class=@Operator@, type=@SemiColon@, line=2, srcF=@""@, srcL=2
Read 7 lines from file 'test-data/ref/var-decl-3.run.out'
  1 : text=@long@, class=@Keyword@, type=@TLong@, line=1, srcF=@@, srcL=-1
  2 : text=@int@, class=@Keyword@, type=@TInt@, line=1, srcF=@@, srcL=-1
  3 : text=@y@, class=@Identifier@, type=@TIdentifier@, line=1, srcF=@@, srcL=-1
  4 : text=@;@, class=@Operator@, type=@TokenType@, line=1, srcF=@@, srcL=-1
  5 : text=@float@, class=@Keyword@, type=@TFloat@, line=2, srcF=@@, srcL=-1
  6 : text=@z@, class=@Identifier@, type=@TIdentifier@, line=2, srcF=@@, srcL=-1
  7 : text=@;@, class=@Operator@, type=@TokenType@, line=2, srcF=@@, srcL=-1
Read 7 lines from file 'output/wjw13/var-decl-3.run.out'
Reference: 7 lines, Got: 7 lines.
Token 1 : Expected sourceFile @""@@, got @@
Token 1 : Expected sourceLine 1, got -1
Token 2 : Expected sourceFile @""@@, got @@
Token 2 : Expected sourceLine 1, got -1
Token 3 : Expected sourceFile @""@@, got @@
Token 3 : Expected sourceLine 1, got -1
Token 4 : Expected sourceFile @""@@, got @@
Token 4 : Expected sourceLine 1, got -1
Token 5 : Expected sourceFile @""@@, got @@
Token 5 : Expected sourceLine 2, got -1
Token 6 : Expected sourceFile @""@@, got @@
Token 6 : Expected sourceLine 2, got -1
Token 7 : Expected sourceFile @""@@, got @@
Token 7 : Expected sourceLine 2, got -1
    User,             Test, Tokens,   Text,  Class,   Type, LineNo, SrcFil, SrcLin
   wjw13,       var-decl-3,      7,  100.0,  100.0,  100.0,  100.0,    0.0,    0.0
